


ARM Macro Assembler    Page 1 


    1 00000000         ; Константы
    2 00000000         
    3 00000000 20000100 
                       STACK_TOP
                               EQU              0x20000100  ; Вершина с
                                                            тека
    4 00000000 00100000 
                       DELAY_VAL
                               EQU              0x100000    ; Величина 
                                                            задержки
    5 00000000         
    6 00000000                 END
Command Line: --debug --xref --diag_suppress=9931 --cpu=Cortex-M3 --apcs=interw
ork --depend=.\objects\config.d -o.\objects\config.o -I"D:\Ucheba\STM32\labs\ST
M32F1xx-Labs-master-3b7169a726fe5fec70d0713bfa55b1aafc5db0fb\Lab 0 - ASM\RTE" -
IP:\Keil_v5\ARM\PACK\Keil\STM32F1xx_DFP\2.1.0\Device\Include -IP:\Keil_v5\ARM\C
MSIS\Include --predefine="__EVAL SETA 1" --predefine="__UVISION_VERSION SETA 52
1" --predefine="STM32F10X_CL SETA 1" --list=.\listings\config.lst config.s



ARM Macro Assembler    Page 1 Alphabetic symbol ordering
Absolute symbols

DELAY_VAL 00100000

Symbol: DELAY_VAL
   Definitions
      At line 4 in file config.s
   Uses
      None
Comment: DELAY_VAL unused
STACK_TOP 20000100

Symbol: STACK_TOP
   Definitions
      At line 3 in file config.s
   Uses
      None
Comment: STACK_TOP unused
2 symbols
335 symbols in table
